state 0 contains 6 shift/reduce conflicts
state 29 contains 1 shift/reduce conflicts
state 30 contains 1 shift/reduce conflicts
state 32 contains 4 shift/reduce conflicts
state 40 contains 1 shift/reduce conflicts
state 43 contains 2 shift/reduce conflicts
state 44 contains 3 reduce/reduce conflicts
state 69 contains 1 shift/reduce conflicts
state 86 contains 1 shift/reduce conflicts
state 118 contains 14 reduce/reduce conflicts
state 125 contains 4 shift/reduce conflicts
state 135 contains 1 shift/reduce conflicts
state 140 contains 3 shift/reduce conflicts
state 154 contains 1 shift/reduce conflicts
state 154 contains 1 reduce/reduce conflicts
state 167 contains 1 shift/reduce conflicts
state 171 contains 2 shift/reduce conflicts


-------- Grammar --------

rule 1 sentence: commands
rule 2 sentence: commands STRING
rule 3 sentence: communication
rule 4 sentence: adverbs communication STRING adverbs
rule 5 sentence: adverbs communication topic
rule 6 commands: adverbs command
rule 7 commands: commands and_then adverbs command
rule 8 and_then: THEN
rule 9 and_then: AND_THEN
rule 10 command: ttv
rule 11 command: btv
rule 12 command: tv
rule 13 command: mv
rule 14 command: verb_only
rule 15 communication: comm
rule 16 comm_verb_only: COMM_VERB adverbs
rule 17 comm_language: IN LANGUAGE adverbs
rule 18 comm_target: indirect_noun_phrase adverbs
rule 19 comm: comm_verb_only
rule 20 comm: comm_verb_only comm_language
rule 21 comm: comm_verb_only comm_target
rule 22 comm: comm_verb_only comm_language comm_target
rule 23 comm: comm_verb_only comm_target comm_language
rule 24 comm: comm_language comm_verb_only
rule 25 comm: comm_language comm_verb_only comm_target
rule 26 comm: comm_language comm_target comm_verb_only
rule 27 comm: comm_target comm_verb_only
rule 28 comm: comm_target comm_verb_only comm_language
rule 29 comm: comm_target comm_language comm_verb_only
rule 30 topic: topic_intro words
rule 31 topic_intro: ABOUT
rule 32 topic_intro: THAT
rule 33 verb_only: VERB adverbs
rule 34 verb_only: movement_verb_only
rule 35 movement_verb_only: MOVEMENT_VERB adverbs
rule 36 mv: movement_verb_only dmp
rule 37 tv: verb_only dnp
rule 38 tv: dnp verb_only
rule 39 btv: verb_only indirect_noun_phrase dnp
rule 40 btv: tv indirect_noun_phrase
rule 41 btv: dnp indirect_noun_phrase verb_only
rule 42 btv: indirect_noun_phrase tv
rule 43 btv: movement_verb_only indirect_noun_phrase
rule 44 btv: indirect_noun_phrase movement_verb_only
rule 45 ttv: btv instrument_noun_phrase
rule 46 ttv: instrument_noun_phrase btv
rule 47 ttv: verb_only indirect_noun_phrase instrument_noun_phrase dnp
rule 48 ttv: tv instrument_noun_phrase indirect_noun_phrase
rule 49 ttv: dnp instrument_noun_phrase indirect_noun_phrase verb_only
rule 50 ttv: indirect_noun_phrase instrument_noun_phrase tv
rule 51 adverbs: 
rule 52 adverbs: adverbs opt_and ADVERB
rule 53 opt_and: 
rule 54 opt_and: AND
rule 55 word: WORD
rule 56 word: FRONT
rule 57 word: LANGUAGE
rule 58 words: word
rule 59 words: words word
rule 60 instrument_preposition: WITH
rule 61 instrument_preposition: USING
rule 62 instrument_preposition: IN
rule 63 rel_preposition: IN
rule 64 rel_preposition: ON
rule 65 rel_preposition: AGAINST
rule 66 rel_preposition: CLOSE
rule 67 rel_preposition: CLOSE TO
rule 68 rel_preposition: UNDER
rule 69 rel_preposition: NEAR
rule 70 rel_preposition: OVER
rule 71 rel_preposition: BEHIND
rule 72 rel_preposition: BEFORE
rule 73 rel_preposition: IN FRONT OF
rule 74 rel_preposition: BESIDE
rule 75 rel_preposition: CONTAINING
rule 76 rel_preposition: HOLDING
rule 77 rel_preposition: WITH
rule 78 rel_preposition: GUARDING
rule 79 rel_preposition: BLOCKING
rule 80 motion_relation: IN TO
rule 81 motion_relation: ON TO
rule 82 motion_relation: AGAINST
rule 83 motion_relation: CLOSE TO
rule 84 motion_relation: UNDER
rule 85 motion_relation: NEAR
rule 86 motion_relation: OVER
rule 87 motion_relation: BEHIND
rule 88 motion_relation: BEFORE
rule 89 motion_relation: IN FRONT OF
rule 90 motion_relation: BESIDE
rule 91 motion_relation: AT
rule 92 indirect_preposition: FROM
rule 93 indirect_preposition: TO
rule 94 indirect_preposition: AT
rule 95 indirect_preposition: THROUGH
rule 96 indirect_preposition: FROM rel_preposition
rule 97 indirect_preposition: TO rel_preposition
rule 98 dnp: objects adverbs
rule 99 dmp: motion_relation objects adverbs
rule 100 indirect_noun_phrase: indirect_preposition objects adverbs
rule 101 instrument_noun_phrase: instrument_preposition objects adverbs
rule 102 noun_phrase: opt_quantifier words
rule 103 objects: noun
rule 104 objects: objects conjunction noun
rule 105 noun: ALL
rule 106 noun: noun_phrase
rule 107 noun: noun rel_preposition noun_phrase
rule 108 conjunction: AND
rule 109 article: THE
rule 110 article: A
rule 111 article: AN
rule 112 article: ANY
rule 113 article: MY
rule 114 article: HER
rule 115 article: HIS
rule 116 article: ITS
rule 117 article: THEIR
rule 118 quantifier: article
rule 119 quantifier: article NUMBER
rule 120 quantifier: NUMBER
rule 121 quantifier: ALL
rule 122 quantifier: fraction
rule 123 quantifiers: quantifier
rule 124 quantifiers: quantifiers OF quantifier
rule 125 opt_quantifier: 
rule 126 opt_quantifier: quantifiers
rule 127 fraction: NUMBER SLASH NUMBER

------- Symbols -------

**Nonterminals, with rules where they appear

  $start (48)
    on right: 
    on left : 
  sentence (49)
    on right: 
    on left : 1 2 3 4 5
  commands (50)
    on right: 1 2 7
    on left : 6 7
  communication (51)
    on right: 3 4 5
    on left : 15
  adverbs (52)
    on right: 4 5 6 7 16 17 18 33 35 52 98 99 100 101
    on left : 51 52
  topic (53)
    on right: 5
    on left : 30
  command (54)
    on right: 6 7
    on left : 10 11 12 13 14
  and_then (55)
    on right: 7
    on left : 8 9
  ttv (56)
    on right: 10
    on left : 45 46 47 48 49 50
  btv (57)
    on right: 11 45 46
    on left : 39 40 41 42 43 44
  tv (58)
    on right: 12 40 42 48 50
    on left : 37 38
  mv (59)
    on right: 13
    on left : 36
  verb_only (60)
    on right: 14 37 38 39 41 47 49
    on left : 33 34
  comm (61)
    on right: 15
    on left : 19 20 21 22 23 24 25 26 27 28 29
  comm_verb_only (62)
    on right: 19 20 21 22 23 24 25 26 27 28 29
    on left : 16
  comm_language (63)
    on right: 20 22 23 24 25 26 28 29
    on left : 17
  comm_target (64)
    on right: 21 22 23 25 26 27 28 29
    on left : 18
  indirect_noun_phrase (65)
    on right: 18 39 40 41 42 43 44 47 48 49 50
    on left : 100
  topic_intro (66)
    on right: 30
    on left : 31 32
  words (67)
    on right: 30 59 102
    on left : 58 59
  movement_verb_only (68)
    on right: 34 36 43 44
    on left : 35
  dmp (69)
    on right: 36
    on left : 99
  dnp (70)
    on right: 37 38 39 41 47 49
    on left : 98
  instrument_noun_phrase (71)
    on right: 45 46 47 48 49 50
    on left : 101
  opt_and (72)
    on right: 52
    on left : 53 54
  word (73)
    on right: 58 59
    on left : 55 56 57
  instrument_preposition (74)
    on right: 101
    on left : 60 61 62
  rel_preposition (75)
    on right: 96 97 107
    on left : 63 64 65 66 67 68 69 70 71 72 73 74 75 76 77 78 79
  motion_relation (76)
    on right: 99
    on left : 80 81 82 83 84 85 86 87 88 89 90 91
  indirect_preposition (77)
    on right: 100
    on left : 92 93 94 95 96 97
  objects (78)
    on right: 98 99 100 101 104
    on left : 103 104
  noun_phrase (79)
    on right: 106 107
    on left : 102
  opt_quantifier (80)
    on right: 102
    on left : 125 126
  noun (81)
    on right: 103 104 107
    on left : 105 106 107
  conjunction (82)
    on right: 104
    on left : 108
  article (83)
    on right: 118 119
    on left : 109 110 111 112 113 114 115 116 117
  quantifier (84)
    on right: 123 124
    on left : 118 119 120 121 122
  fraction (85)
    on right: 122
    on left : 127
  quantifiers (86)
    on right: 124 126
    on left : 123 124

**Terminals, with rules where they appear

  $end (0) 
  error (1) 
  SLASH (2) 127
  LANGUAGE (3) 17 57
  ADVERB (4) 52
  VERB (5) 33
  COMM_VERB (6) 16
  WORD (7) 55
  STRING (8) 2 4
  NUMBER (9) 119 120 127
  MOVEMENT_VERB (10) 35
  ABOUT (11) 31
  AND (12) 54 108
  A (13) 110
  AN (14) 111
  ANY (15) 112
  ALL (16) 105 121
  AGAINST (17) 65 82
  AT (18) 91 94
  BEHIND (19) 71 87
  BEFORE (20) 72 88
  BESIDE (21) 74 90
  BLOCKING (22) 79
  CLOSE (23) 66 67 83
  CONTAINING (24) 75
  FRONT (25) 56 73 89
  FROM (26) 92 96
  GUARDING (27) 78
  HOLDING (28) 76
  HER (29) 114
  HIS (30) 115
  IN (31) 17 62 63 73 80 89
  ITS (32) 116
  MY (33) 113
  NEAR (34) 69 85
  OF (35) 73 89 124
  ON (36) 64 81
  OVER (37) 70 86
  THEN (38) 8
  TO (39) 67 80 81 83 93 97
  THAT (40) 32
  THROUGH (41) 95
  THE (42) 109
  THEIR (43) 117
  USING (44) 61
  UNDER (45) 68 84
  WITH (46) 60 77
  AND_THEN (47) 9

--------- State ---------

state 0


  COMM_VERB     shift, and go to state 6
  COMM_VERB     [reduce using rule 51 (adverbs)]
  AT            shift, and go to state 14
  AT            [reduce using rule 51 (adverbs)]
  FROM          shift, and go to state 12
  FROM          [reduce using rule 51 (adverbs)]
  IN            shift, and go to state 7
  IN            [reduce using rule 51 (adverbs)]
  TO            shift, and go to state 13
  TO            [reduce using rule 51 (adverbs)]
  THROUGH       shift, and go to state 15
  THROUGH       [reduce using rule 51 (adverbs)]
  $default      reduce using rule 51 (adverbs)

  sentence      go to state 1
  commands      go to state 2
  communication  go to state 3
  adverbs       go to state 4
  comm          go to state 5
  indirect_noun_phrase  go to state 8
  comm_verb_only  go to state 9
  comm_language  go to state 10
  comm_target   go to state 11
  indirect_preposition  go to state 16

state 1


  $end          shift, and go to state 17


state 2

   1) sentence : commands _
   2) sentence : commands _ STRING
   7) commands : commands _ and_then adverbs command

  STRING        shift, and go to state 18
  THEN          shift, and go to state 20
  AND_THEN      shift, and go to state 21
  $default      reduce using rule 1 (sentence)

  and_then      go to state 19

state 3

   3) sentence : communication _

  $default      reduce using rule 3 (sentence)


state 4

   4) sentence : adverbs _ communication STRING adverbs
   5) sentence : adverbs _ communication topic
   6) commands : adverbs _ command
  52) adverbs : adverbs _ opt_and ADVERB

  VERB          shift, and go to state 31
  COMM_VERB     shift, and go to state 6
  NUMBER        shift, and go to state 56
  MOVEMENT_VERB  shift, and go to state 33
  AND           shift, and go to state 37
  A             shift, and go to state 47
  AN            shift, and go to state 48
  ANY           shift, and go to state 49
  ALL           shift, and go to state 44
  AT            shift, and go to state 14
  FROM          shift, and go to state 12
  HER           shift, and go to state 51
  HIS           shift, and go to state 52
  IN            shift, and go to state 29
  ITS           shift, and go to state 53
  MY            shift, and go to state 50
  TO            shift, and go to state 13
  THROUGH       shift, and go to state 15
  THE           shift, and go to state 46
  THEIR         shift, and go to state 54
  USING         shift, and go to state 39
  WITH          shift, and go to state 38
  ADVERB        reduce using rule 53 (opt_and)
  $default      reduce using rule 125 (opt_quantifier)

  communication  go to state 22
  command       go to state 23
  ttv           go to state 24
  btv           go to state 25
  tv            go to state 26
  mv            go to state 27
  verb_only     go to state 28
  comm          go to state 5
  indirect_noun_phrase  go to state 30
  comm_verb_only  go to state 9
  comm_language  go to state 10
  comm_target   go to state 11
  movement_verb_only  go to state 32
  dnp           go to state 34
  instrument_noun_phrase  go to state 35
  opt_and       go to state 36
  objects       go to state 40
  indirect_preposition  go to state 16
  instrument_preposition  go to state 41
  opt_quantifier  go to state 42
  noun          go to state 43
  noun_phrase   go to state 45
  article       go to state 55
  fraction      go to state 57
  quantifier    go to state 58
  quantifiers   go to state 59

state 5

  15) communication : comm _

  $default      reduce using rule 15 (communication)


state 6

  16) comm_verb_only : COMM_VERB _ adverbs

  $default      reduce using rule 51 (adverbs)

  adverbs       go to state 60

state 7

  17) comm_language : IN _ LANGUAGE adverbs

  LANGUAGE      shift, and go to state 61


state 8

  18) comm_target : indirect_noun_phrase _ adverbs

  $default      reduce using rule 51 (adverbs)

  adverbs       go to state 62

state 9

  19) comm : comm_verb_only _
  20) comm : comm_verb_only _ comm_language
  21) comm : comm_verb_only _ comm_target
  22) comm : comm_verb_only _ comm_language comm_target
  23) comm : comm_verb_only _ comm_target comm_language

  AT            shift, and go to state 14
  FROM          shift, and go to state 12
  IN            shift, and go to state 7
  TO            shift, and go to state 13
  THROUGH       shift, and go to state 15
  $default      reduce using rule 19 (comm)

  indirect_noun_phrase  go to state 8
  comm_language  go to state 63
  comm_target   go to state 64
  indirect_preposition  go to state 16

state 10

  24) comm : comm_language _ comm_verb_only
  25) comm : comm_language _ comm_verb_only comm_target
  26) comm : comm_language _ comm_target comm_verb_only

  COMM_VERB     shift, and go to state 6
  AT            shift, and go to state 14
  FROM          shift, and go to state 12
  TO            shift, and go to state 13
  THROUGH       shift, and go to state 15

  indirect_noun_phrase  go to state 8
  comm_verb_only  go to state 65
  comm_target   go to state 66
  indirect_preposition  go to state 16

state 11

  27) comm : comm_target _ comm_verb_only
  28) comm : comm_target _ comm_verb_only comm_language
  29) comm : comm_target _ comm_language comm_verb_only

  COMM_VERB     shift, and go to state 6
  IN            shift, and go to state 7

  comm_verb_only  go to state 67
  comm_language  go to state 68

state 12

  92) indirect_preposition : FROM _
  96) indirect_preposition : FROM _ rel_preposition

  AGAINST       shift, and go to state 71
  BEHIND        shift, and go to state 76
  BEFORE        shift, and go to state 77
  BESIDE        shift, and go to state 78
  BLOCKING      shift, and go to state 83
  CLOSE         shift, and go to state 72
  CONTAINING    shift, and go to state 79
  GUARDING      shift, and go to state 82
  HOLDING       shift, and go to state 80
  IN            shift, and go to state 69
  NEAR          shift, and go to state 74
  ON            shift, and go to state 70
  OVER          shift, and go to state 75
  UNDER         shift, and go to state 73
  WITH          shift, and go to state 81
  $default      reduce using rule 92 (indirect_preposition)

  rel_preposition  go to state 84

state 13

  93) indirect_preposition : TO _
  97) indirect_preposition : TO _ rel_preposition

  AGAINST       shift, and go to state 71
  BEHIND        shift, and go to state 76
  BEFORE        shift, and go to state 77
  BESIDE        shift, and go to state 78
  BLOCKING      shift, and go to state 83
  CLOSE         shift, and go to state 72
  CONTAINING    shift, and go to state 79
  GUARDING      shift, and go to state 82
  HOLDING       shift, and go to state 80
  IN            shift, and go to state 69
  NEAR          shift, and go to state 74
  ON            shift, and go to state 70
  OVER          shift, and go to state 75
  UNDER         shift, and go to state 73
  WITH          shift, and go to state 81
  $default      reduce using rule 93 (indirect_preposition)

  rel_preposition  go to state 85

state 14

  94) indirect_preposition : AT _

  $default      reduce using rule 94 (indirect_preposition)


state 15

  95) indirect_preposition : THROUGH _

  $default      reduce using rule 95 (indirect_preposition)


state 16

 100) indirect_noun_phrase : indirect_preposition _ objects adverbs

  NUMBER        shift, and go to state 56
  A             shift, and go to state 47
  AN            shift, and go to state 48
  ANY           shift, and go to state 49
  ALL           shift, and go to state 44
  HER           shift, and go to state 51
  HIS           shift, and go to state 52
  ITS           shift, and go to state 53
  MY            shift, and go to state 50
  THE           shift, and go to state 46
  THEIR         shift, and go to state 54
  $default      reduce using rule 125 (opt_quantifier)

  objects       go to state 86
  opt_quantifier  go to state 42
  noun          go to state 43
  noun_phrase   go to state 45
  article       go to state 55
  fraction      go to state 57
  quantifier    go to state 58
  quantifiers   go to state 59

state 17


  $end          shift, and go to state 87


state 18

   2) sentence : commands STRING _

  $default      reduce using rule 2 (sentence)


state 19

   7) commands : commands and_then _ adverbs command

  $default      reduce using rule 51 (adverbs)

  adverbs       go to state 88

state 20

   8) and_then : THEN _

  $default      reduce using rule 8 (and_then)


state 21

   9) and_then : AND_THEN _

  $default      reduce using rule 9 (and_then)


state 22

   4) sentence : adverbs communication _ STRING adverbs
   5) sentence : adverbs communication _ topic

  STRING        shift, and go to state 89
  ABOUT         shift, and go to state 92
  THAT          shift, and go to state 93

  topic         go to state 90
  topic_intro   go to state 91

state 23

   6) commands : adverbs command _

  $default      reduce using rule 6 (commands)


state 24

  10) command : ttv _

  $default      reduce using rule 10 (command)


state 25

  11) command : btv _
  45) ttv : btv _ instrument_noun_phrase

  IN            shift, and go to state 95
  USING         shift, and go to state 39
  WITH          shift, and go to state 38
  $default      reduce using rule 11 (command)

  instrument_noun_phrase  go to state 94
  instrument_preposition  go to state 41

state 26

  12) command : tv _
  40) btv : tv _ indirect_noun_phrase
  48) ttv : tv _ instrument_noun_phrase indirect_noun_phrase

  AT            shift, and go to state 14
  FROM          shift, and go to state 12
  IN            shift, and go to state 95
  TO            shift, and go to state 13
  THROUGH       shift, and go to state 15
  USING         shift, and go to state 39
  WITH          shift, and go to state 38
  $default      reduce using rule 12 (command)

  indirect_noun_phrase  go to state 96
  instrument_noun_phrase  go to state 97
  indirect_preposition  go to state 16
  instrument_preposition  go to state 41

state 27

  13) command : mv _

  $default      reduce using rule 13 (command)


state 28

  14) command : verb_only _
  37) tv : verb_only _ dnp
  39) btv : verb_only _ indirect_noun_phrase dnp
  47) ttv : verb_only _ indirect_noun_phrase instrument_noun_phrase dnp

  NUMBER        shift, and go to state 56
  A             shift, and go to state 47
  AN            shift, and go to state 48
  ANY           shift, and go to state 49
  ALL           shift, and go to state 44
  AT            shift, and go to state 14
  FROM          shift, and go to state 12
  HER           shift, and go to state 51
  HIS           shift, and go to state 52
  ITS           shift, and go to state 53
  MY            shift, and go to state 50
  TO            shift, and go to state 13
  THROUGH       shift, and go to state 15
  THE           shift, and go to state 46
  THEIR         shift, and go to state 54
  LANGUAGE      reduce using rule 125 (opt_quantifier)
  WORD          reduce using rule 125 (opt_quantifier)
  FRONT         reduce using rule 125 (opt_quantifier)
  $default      reduce using rule 14 (command)

  dnp           go to state 98
  indirect_noun_phrase  go to state 99
  objects       go to state 40
  indirect_preposition  go to state 16
  opt_quantifier  go to state 42
  noun          go to state 43
  noun_phrase   go to state 45
  article       go to state 55
  fraction      go to state 57
  quantifier    go to state 58
  quantifiers   go to state 59

state 29

  17) comm_language : IN _ LANGUAGE adverbs
  62) instrument_preposition : IN _

  LANGUAGE      shift, and go to state 61
  LANGUAGE      [reduce using rule 62 (instrument_preposition)]
  $default      reduce using rule 62 (instrument_preposition)


state 30

  18) comm_target : indirect_noun_phrase _ adverbs
  42) btv : indirect_noun_phrase _ tv
  44) btv : indirect_noun_phrase _ movement_verb_only
  50) ttv : indirect_noun_phrase _ instrument_noun_phrase tv

  VERB          shift, and go to state 31
  NUMBER        shift, and go to state 56
  MOVEMENT_VERB  shift, and go to state 33
  A             shift, and go to state 47
  AN            shift, and go to state 48
  ANY           shift, and go to state 49
  ALL           shift, and go to state 44
  HER           shift, and go to state 51
  HIS           shift, and go to state 52
  IN            shift, and go to state 95
  IN            [reduce using rule 51 (adverbs)]
  ITS           shift, and go to state 53
  MY            shift, and go to state 50
  THE           shift, and go to state 46
  THEIR         shift, and go to state 54
  USING         shift, and go to state 39
  WITH          shift, and go to state 38
  LANGUAGE      reduce using rule 125 (opt_quantifier)
  WORD          reduce using rule 125 (opt_quantifier)
  FRONT         reduce using rule 125 (opt_quantifier)
  $default      reduce using rule 51 (adverbs)

  adverbs       go to state 62
  movement_verb_only  go to state 100
  verb_only     go to state 101
  dnp           go to state 102
  tv            go to state 103
  instrument_noun_phrase  go to state 104
  objects       go to state 40
  instrument_preposition  go to state 41
  opt_quantifier  go to state 42
  noun          go to state 43
  noun_phrase   go to state 45
  article       go to state 55
  fraction      go to state 57
  quantifier    go to state 58
  quantifiers   go to state 59

state 31

  33) verb_only : VERB _ adverbs

  $default      reduce using rule 51 (adverbs)

  adverbs       go to state 105

state 32

  34) verb_only : movement_verb_only _
  36) mv : movement_verb_only _ dmp
  43) btv : movement_verb_only _ indirect_noun_phrase

  AGAINST       shift, and go to state 110
  AT            shift, and go to state 118
  AT            [reduce using rule 34 (verb_only)]
  BEHIND        shift, and go to state 115
  BEFORE        shift, and go to state 116
  BESIDE        shift, and go to state 117
  CLOSE         shift, and go to state 111
  FROM          shift, and go to state 12
  FROM          [reduce using rule 34 (verb_only)]
  IN            shift, and go to state 108
  NEAR          shift, and go to state 113
  ON            shift, and go to state 109
  OVER          shift, and go to state 114
  TO            shift, and go to state 13
  TO            [reduce using rule 34 (verb_only)]
  THROUGH       shift, and go to state 15
  THROUGH       [reduce using rule 34 (verb_only)]
  UNDER         shift, and go to state 112
  $default      reduce using rule 34 (verb_only)

  dmp           go to state 106
  indirect_noun_phrase  go to state 107
  motion_relation  go to state 119
  indirect_preposition  go to state 16

state 33

  35) movement_verb_only : MOVEMENT_VERB _ adverbs

  $default      reduce using rule 51 (adverbs)

  adverbs       go to state 120

state 34

  38) tv : dnp _ verb_only
  41) btv : dnp _ indirect_noun_phrase verb_only
  49) ttv : dnp _ instrument_noun_phrase indirect_noun_phrase verb_only

  VERB          shift, and go to state 31
  MOVEMENT_VERB  shift, and go to state 33
  AT            shift, and go to state 14
  FROM          shift, and go to state 12
  IN            shift, and go to state 95
  TO            shift, and go to state 13
  THROUGH       shift, and go to state 15
  USING         shift, and go to state 39
  WITH          shift, and go to state 38

  movement_verb_only  go to state 121
  verb_only     go to state 122
  indirect_noun_phrase  go to state 123
  instrument_noun_phrase  go to state 124
  indirect_preposition  go to state 16
  instrument_preposition  go to state 41

state 35

  46) ttv : instrument_noun_phrase _ btv

  VERB          shift, and go to state 31
  NUMBER        shift, and go to state 56
  MOVEMENT_VERB  shift, and go to state 33
  A             shift, and go to state 47
  AN            shift, and go to state 48
  ANY           shift, and go to state 49
  ALL           shift, and go to state 44
  AT            shift, and go to state 14
  FROM          shift, and go to state 12
  HER           shift, and go to state 51
  HIS           shift, and go to state 52
  ITS           shift, and go to state 53
  MY            shift, and go to state 50
  TO            shift, and go to state 13
  THROUGH       shift, and go to state 15
  THE           shift, and go to state 46
  THEIR         shift, and go to state 54
  $default      reduce using rule 125 (opt_quantifier)

  movement_verb_only  go to state 125
  verb_only     go to state 126
  dnp           go to state 127
  tv            go to state 128
  indirect_noun_phrase  go to state 129
  btv           go to state 130
  objects       go to state 40
  indirect_preposition  go to state 16
  opt_quantifier  go to state 42
  noun          go to state 43
  noun_phrase   go to state 45
  article       go to state 55
  fraction      go to state 57
  quantifier    go to state 58
  quantifiers   go to state 59

state 36

  52) adverbs : adverbs opt_and _ ADVERB

  ADVERB        shift, and go to state 131


state 37

  54) opt_and : AND _

  $default      reduce using rule 54 (opt_and)


state 38

  60) instrument_preposition : WITH _

  $default      reduce using rule 60 (instrument_preposition)


state 39

  61) instrument_preposition : USING _

  $default      reduce using rule 61 (instrument_preposition)


state 40

  98) dnp : objects _ adverbs
 104) objects : objects _ conjunction noun

  AND           shift, and go to state 134
  AND           [reduce using rule 51 (adverbs)]
  $default      reduce using rule 51 (adverbs)

  adverbs       go to state 132
  conjunction   go to state 133

state 41

 101) instrument_noun_phrase : instrument_preposition _ objects adverbs

  NUMBER        shift, and go to state 56
  A             shift, and go to state 47
  AN            shift, and go to state 48
  ANY           shift, and go to state 49
  ALL           shift, and go to state 44
  HER           shift, and go to state 51
  HIS           shift, and go to state 52
  ITS           shift, and go to state 53
  MY            shift, and go to state 50
  THE           shift, and go to state 46
  THEIR         shift, and go to state 54
  $default      reduce using rule 125 (opt_quantifier)

  objects       go to state 135
  opt_quantifier  go to state 42
  noun          go to state 43
  noun_phrase   go to state 45
  article       go to state 55
  fraction      go to state 57
  quantifier    go to state 58
  quantifiers   go to state 59

state 42

 102) noun_phrase : opt_quantifier _ words

  LANGUAGE      shift, and go to state 138
  WORD          shift, and go to state 136
  FRONT         shift, and go to state 137

  word          go to state 139
  words         go to state 140

state 43

 103) objects : noun _
 107) noun : noun _ rel_preposition noun_phrase

  AGAINST       shift, and go to state 71
  BEHIND        shift, and go to state 76
  BEFORE        shift, and go to state 77
  BESIDE        shift, and go to state 78
  BLOCKING      shift, and go to state 83
  CLOSE         shift, and go to state 72
  CONTAINING    shift, and go to state 79
  GUARDING      shift, and go to state 82
  HOLDING       shift, and go to state 80
  IN            shift, and go to state 69
  IN            [reduce using rule 103 (objects)]
  NEAR          shift, and go to state 74
  ON            shift, and go to state 70
  OVER          shift, and go to state 75
  UNDER         shift, and go to state 73
  WITH          shift, and go to state 81
  WITH          [reduce using rule 103 (objects)]
  $default      reduce using rule 103 (objects)

  rel_preposition  go to state 141

state 44

 105) noun : ALL _
 121) quantifier : ALL _

  OF            reduce using rule 121 (quantifier)
  LANGUAGE      [reduce using rule 121 (quantifier)]
  WORD          [reduce using rule 121 (quantifier)]
  FRONT         [reduce using rule 121 (quantifier)]
  $default      reduce using rule 105 (noun)


state 45

 106) noun : noun_phrase _

  $default      reduce using rule 106 (noun)


state 46

 109) article : THE _

  $default      reduce using rule 109 (article)


state 47

 110) article : A _

  $default      reduce using rule 110 (article)


state 48

 111) article : AN _

  $default      reduce using rule 111 (article)


state 49

 112) article : ANY _

  $default      reduce using rule 112 (article)


state 50

 113) article : MY _

  $default      reduce using rule 113 (article)


state 51

 114) article : HER _

  $default      reduce using rule 114 (article)


state 52

 115) article : HIS _

  $default      reduce using rule 115 (article)


state 53

 116) article : ITS _

  $default      reduce using rule 116 (article)


state 54

 117) article : THEIR _

  $default      reduce using rule 117 (article)


state 55

 118) quantifier : article _
 119) quantifier : article _ NUMBER

  NUMBER        shift, and go to state 142
  $default      reduce using rule 118 (quantifier)


state 56

 120) quantifier : NUMBER _
 127) fraction : NUMBER _ SLASH NUMBER

  SLASH         shift, and go to state 143
  $default      reduce using rule 120 (quantifier)


state 57

 122) quantifier : fraction _

  $default      reduce using rule 122 (quantifier)


state 58

 123) quantifiers : quantifier _

  $default      reduce using rule 123 (quantifiers)


state 59

 124) quantifiers : quantifiers _ OF quantifier
 126) opt_quantifier : quantifiers _

  OF            shift, and go to state 144
  $default      reduce using rule 126 (opt_quantifier)


state 60

  16) comm_verb_only : COMM_VERB adverbs _
  52) adverbs : adverbs _ opt_and ADVERB

  AND           shift, and go to state 37
  ADVERB        reduce using rule 53 (opt_and)
  $default      reduce using rule 16 (comm_verb_only)

  opt_and       go to state 36

state 61

  17) comm_language : IN LANGUAGE _ adverbs

  $default      reduce using rule 51 (adverbs)

  adverbs       go to state 145

state 62

  18) comm_target : indirect_noun_phrase adverbs _
  52) adverbs : adverbs _ opt_and ADVERB

  AND           shift, and go to state 37
  ADVERB        reduce using rule 53 (opt_and)
  $default      reduce using rule 18 (comm_target)

  opt_and       go to state 36

state 63

  20) comm : comm_verb_only comm_language _
  22) comm : comm_verb_only comm_language _ comm_target

  AT            shift, and go to state 14
  FROM          shift, and go to state 12
  TO            shift, and go to state 13
  THROUGH       shift, and go to state 15
  $default      reduce using rule 20 (comm)

  indirect_noun_phrase  go to state 8
  comm_target   go to state 146
  indirect_preposition  go to state 16

state 64

  21) comm : comm_verb_only comm_target _
  23) comm : comm_verb_only comm_target _ comm_language

  IN            shift, and go to state 7
  $default      reduce using rule 21 (comm)

  comm_language  go to state 147

state 65

  24) comm : comm_language comm_verb_only _
  25) comm : comm_language comm_verb_only _ comm_target

  AT            shift, and go to state 14
  FROM          shift, and go to state 12
  TO            shift, and go to state 13
  THROUGH       shift, and go to state 15
  $default      reduce using rule 24 (comm)

  indirect_noun_phrase  go to state 8
  comm_target   go to state 148
  indirect_preposition  go to state 16

state 66

  26) comm : comm_language comm_target _ comm_verb_only

  COMM_VERB     shift, and go to state 6

  comm_verb_only  go to state 149

state 67

  27) comm : comm_target comm_verb_only _
  28) comm : comm_target comm_verb_only _ comm_language

  IN            shift, and go to state 7
  $default      reduce using rule 27 (comm)

  comm_language  go to state 150

state 68

  29) comm : comm_target comm_language _ comm_verb_only

  COMM_VERB     shift, and go to state 6

  comm_verb_only  go to state 151

state 69

  63) rel_preposition : IN _
  73) rel_preposition : IN _ FRONT OF

  FRONT         shift, and go to state 152
  FRONT         [reduce using rule 63 (rel_preposition)]
  $default      reduce using rule 63 (rel_preposition)


state 70

  64) rel_preposition : ON _

  $default      reduce using rule 64 (rel_preposition)


state 71

  65) rel_preposition : AGAINST _

  $default      reduce using rule 65 (rel_preposition)


state 72

  66) rel_preposition : CLOSE _
  67) rel_preposition : CLOSE _ TO

  TO            shift, and go to state 153
  $default      reduce using rule 66 (rel_preposition)


state 73

  68) rel_preposition : UNDER _

  $default      reduce using rule 68 (rel_preposition)


state 74

  69) rel_preposition : NEAR _

  $default      reduce using rule 69 (rel_preposition)


state 75

  70) rel_preposition : OVER _

  $default      reduce using rule 70 (rel_preposition)


state 76

  71) rel_preposition : BEHIND _

  $default      reduce using rule 71 (rel_preposition)


state 77

  72) rel_preposition : BEFORE _

  $default      reduce using rule 72 (rel_preposition)


state 78

  74) rel_preposition : BESIDE _

  $default      reduce using rule 74 (rel_preposition)


state 79

  75) rel_preposition : CONTAINING _

  $default      reduce using rule 75 (rel_preposition)


state 80

  76) rel_preposition : HOLDING _

  $default      reduce using rule 76 (rel_preposition)


state 81

  77) rel_preposition : WITH _

  $default      reduce using rule 77 (rel_preposition)


state 82

  78) rel_preposition : GUARDING _

  $default      reduce using rule 78 (rel_preposition)


state 83

  79) rel_preposition : BLOCKING _

  $default      reduce using rule 79 (rel_preposition)


state 84

  96) indirect_preposition : FROM rel_preposition _

  $default      reduce using rule 96 (indirect_preposition)


state 85

  97) indirect_preposition : TO rel_preposition _

  $default      reduce using rule 97 (indirect_preposition)


state 86

 100) indirect_noun_phrase : indirect_preposition objects _ adverbs
 104) objects : objects _ conjunction noun

  AND           shift, and go to state 134
  AND           [reduce using rule 51 (adverbs)]
  $default      reduce using rule 51 (adverbs)

  adverbs       go to state 154
  conjunction   go to state 133

state 87


  $default      accept


state 88

   7) commands : commands and_then adverbs _ command
  52) adverbs : adverbs _ opt_and ADVERB

  VERB          shift, and go to state 31
  NUMBER        shift, and go to state 56
  MOVEMENT_VERB  shift, and go to state 33
  AND           shift, and go to state 37
  A             shift, and go to state 47
  AN            shift, and go to state 48
  ANY           shift, and go to state 49
  ALL           shift, and go to state 44
  AT            shift, and go to state 14
  FROM          shift, and go to state 12
  HER           shift, and go to state 51
  HIS           shift, and go to state 52
  IN            shift, and go to state 95
  ITS           shift, and go to state 53
  MY            shift, and go to state 50
  TO            shift, and go to state 13
  THROUGH       shift, and go to state 15
  THE           shift, and go to state 46
  THEIR         shift, and go to state 54
  USING         shift, and go to state 39
  WITH          shift, and go to state 38
  ADVERB        reduce using rule 53 (opt_and)
  $default      reduce using rule 125 (opt_quantifier)

  command       go to state 155
  ttv           go to state 24
  btv           go to state 25
  tv            go to state 26
  mv            go to state 27
  verb_only     go to state 28
  movement_verb_only  go to state 32
  dnp           go to state 34
  indirect_noun_phrase  go to state 156
  instrument_noun_phrase  go to state 35
  opt_and       go to state 36
  objects       go to state 40
  indirect_preposition  go to state 16
  instrument_preposition  go to state 41
  opt_quantifier  go to state 42
  noun          go to state 43
  noun_phrase   go to state 45
  article       go to state 55
  fraction      go to state 57
  quantifier    go to state 58
  quantifiers   go to state 59

state 89

   4) sentence : adverbs communication STRING _ adverbs

  $default      reduce using rule 51 (adverbs)

  adverbs       go to state 157

state 90

   5) sentence : adverbs communication topic _

  $default      reduce using rule 5 (sentence)


state 91

  30) topic : topic_intro _ words

  LANGUAGE      shift, and go to state 138
  WORD          shift, and go to state 136
  FRONT         shift, and go to state 137

  words         go to state 158
  word          go to state 139

state 92

  31) topic_intro : ABOUT _

  $default      reduce using rule 31 (topic_intro)


state 93

  32) topic_intro : THAT _

  $default      reduce using rule 32 (topic_intro)


state 94

  45) ttv : btv instrument_noun_phrase _

  $default      reduce using rule 45 (ttv)


state 95

  62) instrument_preposition : IN _

  $default      reduce using rule 62 (instrument_preposition)


state 96

  40) btv : tv indirect_noun_phrase _

  $default      reduce using rule 40 (btv)


state 97

  48) ttv : tv instrument_noun_phrase _ indirect_noun_phrase

  AT            shift, and go to state 14
  FROM          shift, and go to state 12
  TO            shift, and go to state 13
  THROUGH       shift, and go to state 15

  indirect_noun_phrase  go to state 159
  indirect_preposition  go to state 16

state 98

  37) tv : verb_only dnp _

  $default      reduce using rule 37 (tv)


state 99

  39) btv : verb_only indirect_noun_phrase _ dnp
  47) ttv : verb_only indirect_noun_phrase _ instrument_noun_phrase dnp

  NUMBER        shift, and go to state 56
  A             shift, and go to state 47
  AN            shift, and go to state 48
  ANY           shift, and go to state 49
  ALL           shift, and go to state 44
  HER           shift, and go to state 51
  HIS           shift, and go to state 52
  IN            shift, and go to state 95
  ITS           shift, and go to state 53
  MY            shift, and go to state 50
  THE           shift, and go to state 46
  THEIR         shift, and go to state 54
  USING         shift, and go to state 39
  WITH          shift, and go to state 38
  $default      reduce using rule 125 (opt_quantifier)

  dnp           go to state 160
  instrument_noun_phrase  go to state 161
  objects       go to state 40
  instrument_preposition  go to state 41
  opt_quantifier  go to state 42
  noun          go to state 43
  noun_phrase   go to state 45
  article       go to state 55
  fraction      go to state 57
  quantifier    go to state 58
  quantifiers   go to state 59

state 100

  34) verb_only : movement_verb_only _
  44) btv : indirect_noun_phrase movement_verb_only _

  $end          reduce using rule 44 (btv)
  STRING        reduce using rule 44 (btv)
  IN            reduce using rule 44 (btv)
  THEN          reduce using rule 44 (btv)
  USING         reduce using rule 44 (btv)
  WITH          reduce using rule 44 (btv)
  AND_THEN      reduce using rule 44 (btv)
  $default      reduce using rule 34 (verb_only)


state 101

  37) tv : verb_only _ dnp

  NUMBER        shift, and go to state 56
  A             shift, and go to state 47
  AN            shift, and go to state 48
  ANY           shift, and go to state 49
  ALL           shift, and go to state 44
  HER           shift, and go to state 51
  HIS           shift, and go to state 52
  ITS           shift, and go to state 53
  MY            shift, and go to state 50
  THE           shift, and go to state 46
  THEIR         shift, and go to state 54
  $default      reduce using rule 125 (opt_quantifier)

  dnp           go to state 98
  objects       go to state 40
  opt_quantifier  go to state 42
  noun          go to state 43
  noun_phrase   go to state 45
  article       go to state 55
  fraction      go to state 57
  quantifier    go to state 58
  quantifiers   go to state 59

state 102

  38) tv : dnp _ verb_only

  VERB          shift, and go to state 31
  MOVEMENT_VERB  shift, and go to state 33

  movement_verb_only  go to state 121
  verb_only     go to state 122

state 103

  42) btv : indirect_noun_phrase tv _

  $default      reduce using rule 42 (btv)


state 104

  50) ttv : indirect_noun_phrase instrument_noun_phrase _ tv

  VERB          shift, and go to state 31
  NUMBER        shift, and go to state 56
  MOVEMENT_VERB  shift, and go to state 33
  A             shift, and go to state 47
  AN            shift, and go to state 48
  ANY           shift, and go to state 49
  ALL           shift, and go to state 44
  HER           shift, and go to state 51
  HIS           shift, and go to state 52
  ITS           shift, and go to state 53
  MY            shift, and go to state 50
  THE           shift, and go to state 46
  THEIR         shift, and go to state 54
  $default      reduce using rule 125 (opt_quantifier)

  movement_verb_only  go to state 121
  verb_only     go to state 101
  dnp           go to state 102
  tv            go to state 162
  objects       go to state 40
  opt_quantifier  go to state 42
  noun          go to state 43
  noun_phrase   go to state 45
  article       go to state 55
  fraction      go to state 57
  quantifier    go to state 58
  quantifiers   go to state 59

state 105

  33) verb_only : VERB adverbs _
  52) adverbs : adverbs _ opt_and ADVERB

  AND           shift, and go to state 37
  ADVERB        reduce using rule 53 (opt_and)
  $default      reduce using rule 33 (verb_only)

  opt_and       go to state 36

state 106

  36) mv : movement_verb_only dmp _

  $default      reduce using rule 36 (mv)


state 107

  43) btv : movement_verb_only indirect_noun_phrase _

  $default      reduce using rule 43 (btv)


state 108

  80) motion_relation : IN _ TO
  89) motion_relation : IN _ FRONT OF

  FRONT         shift, and go to state 164
  TO            shift, and go to state 163


state 109

  81) motion_relation : ON _ TO

  TO            shift, and go to state 165


state 110

  82) motion_relation : AGAINST _

  $default      reduce using rule 82 (motion_relation)


state 111

  83) motion_relation : CLOSE _ TO

  TO            shift, and go to state 166


state 112

  84) motion_relation : UNDER _

  $default      reduce using rule 84 (motion_relation)


state 113

  85) motion_relation : NEAR _

  $default      reduce using rule 85 (motion_relation)


state 114

  86) motion_relation : OVER _

  $default      reduce using rule 86 (motion_relation)


state 115

  87) motion_relation : BEHIND _

  $default      reduce using rule 87 (motion_relation)


state 116

  88) motion_relation : BEFORE _

  $default      reduce using rule 88 (motion_relation)


state 117

  90) motion_relation : BESIDE _

  $default      reduce using rule 90 (motion_relation)


state 118

  91) motion_relation : AT _
  94) indirect_preposition : AT _

  LANGUAGE      [reduce using rule 94 (indirect_preposition)]
  WORD          [reduce using rule 94 (indirect_preposition)]
  NUMBER        [reduce using rule 94 (indirect_preposition)]
  A             [reduce using rule 94 (indirect_preposition)]
  AN            [reduce using rule 94 (indirect_preposition)]
  ANY           [reduce using rule 94 (indirect_preposition)]
  ALL           [reduce using rule 94 (indirect_preposition)]
  FRONT         [reduce using rule 94 (indirect_preposition)]
  HER           [reduce using rule 94 (indirect_preposition)]
  HIS           [reduce using rule 94 (indirect_preposition)]
  ITS           [reduce using rule 94 (indirect_preposition)]
  MY            [reduce using rule 94 (indirect_preposition)]
  THE           [reduce using rule 94 (indirect_preposition)]
  THEIR         [reduce using rule 94 (indirect_preposition)]
  $default      reduce using rule 91 (motion_relation)


state 119

  99) dmp : motion_relation _ objects adverbs

  NUMBER        shift, and go to state 56
  A             shift, and go to state 47
  AN            shift, and go to state 48
  ANY           shift, and go to state 49
  ALL           shift, and go to state 44
  HER           shift, and go to state 51
  HIS           shift, and go to state 52
  ITS           shift, and go to state 53
  MY            shift, and go to state 50
  THE           shift, and go to state 46
  THEIR         shift, and go to state 54
  $default      reduce using rule 125 (opt_quantifier)

  objects       go to state 167
  opt_quantifier  go to state 42
  noun          go to state 43
  noun_phrase   go to state 45
  article       go to state 55
  fraction      go to state 57
  quantifier    go to state 58
  quantifiers   go to state 59

state 120

  35) movement_verb_only : MOVEMENT_VERB adverbs _
  52) adverbs : adverbs _ opt_and ADVERB

  AND           shift, and go to state 37
  ADVERB        reduce using rule 53 (opt_and)
  $default      reduce using rule 35 (movement_verb_only)

  opt_and       go to state 36

state 121

  34) verb_only : movement_verb_only _

  $default      reduce using rule 34 (verb_only)


state 122

  38) tv : dnp verb_only _

  $default      reduce using rule 38 (tv)


state 123

  41) btv : dnp indirect_noun_phrase _ verb_only

  VERB          shift, and go to state 31
  MOVEMENT_VERB  shift, and go to state 33

  movement_verb_only  go to state 121
  verb_only     go to state 168

state 124

  49) ttv : dnp instrument_noun_phrase _ indirect_noun_phrase verb_only

  AT            shift, and go to state 14
  FROM          shift, and go to state 12
  TO            shift, and go to state 13
  THROUGH       shift, and go to state 15

  indirect_noun_phrase  go to state 169
  indirect_preposition  go to state 16

state 125

  34) verb_only : movement_verb_only _
  43) btv : movement_verb_only _ indirect_noun_phrase

  AT            shift, and go to state 14
  AT            [reduce using rule 34 (verb_only)]
  FROM          shift, and go to state 12
  FROM          [reduce using rule 34 (verb_only)]
  TO            shift, and go to state 13
  TO            [reduce using rule 34 (verb_only)]
  THROUGH       shift, and go to state 15
  THROUGH       [reduce using rule 34 (verb_only)]
  $default      reduce using rule 34 (verb_only)

  indirect_noun_phrase  go to state 107
  indirect_preposition  go to state 16

state 126

  37) tv : verb_only _ dnp
  39) btv : verb_only _ indirect_noun_phrase dnp

  NUMBER        shift, and go to state 56
  A             shift, and go to state 47
  AN            shift, and go to state 48
  ANY           shift, and go to state 49
  ALL           shift, and go to state 44
  AT            shift, and go to state 14
  FROM          shift, and go to state 12
  HER           shift, and go to state 51
  HIS           shift, and go to state 52
  ITS           shift, and go to state 53
  MY            shift, and go to state 50
  TO            shift, and go to state 13
  THROUGH       shift, and go to state 15
  THE           shift, and go to state 46
  THEIR         shift, and go to state 54
  $default      reduce using rule 125 (opt_quantifier)

  dnp           go to state 98
  indirect_noun_phrase  go to state 170
  objects       go to state 40
  indirect_preposition  go to state 16
  opt_quantifier  go to state 42
  noun          go to state 43
  noun_phrase   go to state 45
  article       go to state 55
  fraction      go to state 57
  quantifier    go to state 58
  quantifiers   go to state 59

state 127

  38) tv : dnp _ verb_only
  41) btv : dnp _ indirect_noun_phrase verb_only

  VERB          shift, and go to state 31
  MOVEMENT_VERB  shift, and go to state 33
  AT            shift, and go to state 14
  FROM          shift, and go to state 12
  TO            shift, and go to state 13
  THROUGH       shift, and go to state 15

  movement_verb_only  go to state 121
  verb_only     go to state 122
  indirect_noun_phrase  go to state 123
  indirect_preposition  go to state 16

state 128

  40) btv : tv _ indirect_noun_phrase

  AT            shift, and go to state 14
  FROM          shift, and go to state 12
  TO            shift, and go to state 13
  THROUGH       shift, and go to state 15

  indirect_noun_phrase  go to state 96
  indirect_preposition  go to state 16

state 129

  42) btv : indirect_noun_phrase _ tv
  44) btv : indirect_noun_phrase _ movement_verb_only

  VERB          shift, and go to state 31
  NUMBER        shift, and go to state 56
  MOVEMENT_VERB  shift, and go to state 33
  A             shift, and go to state 47
  AN            shift, and go to state 48
  ANY           shift, and go to state 49
  ALL           shift, and go to state 44
  HER           shift, and go to state 51
  HIS           shift, and go to state 52
  ITS           shift, and go to state 53
  MY            shift, and go to state 50
  THE           shift, and go to state 46
  THEIR         shift, and go to state 54
  $default      reduce using rule 125 (opt_quantifier)

  movement_verb_only  go to state 100
  verb_only     go to state 101
  dnp           go to state 102
  tv            go to state 103
  objects       go to state 40
  opt_quantifier  go to state 42
  noun          go to state 43
  noun_phrase   go to state 45
  article       go to state 55
  fraction      go to state 57
  quantifier    go to state 58
  quantifiers   go to state 59

state 130

  46) ttv : instrument_noun_phrase btv _

  $default      reduce using rule 46 (ttv)


state 131

  52) adverbs : adverbs opt_and ADVERB _

  $default      reduce using rule 52 (adverbs)


state 132

  52) adverbs : adverbs _ opt_and ADVERB
  98) dnp : objects adverbs _

  AND           shift, and go to state 37
  ADVERB        reduce using rule 53 (opt_and)
  $default      reduce using rule 98 (dnp)

  opt_and       go to state 36

state 133

 104) objects : objects conjunction _ noun

  NUMBER        shift, and go to state 56
  A             shift, and go to state 47
  AN            shift, and go to state 48
  ANY           shift, and go to state 49
  ALL           shift, and go to state 44
  HER           shift, and go to state 51
  HIS           shift, and go to state 52
  ITS           shift, and go to state 53
  MY            shift, and go to state 50
  THE           shift, and go to state 46
  THEIR         shift, and go to state 54
  $default      reduce using rule 125 (opt_quantifier)

  opt_quantifier  go to state 42
  noun          go to state 171
  noun_phrase   go to state 45
  article       go to state 55
  fraction      go to state 57
  quantifier    go to state 58
  quantifiers   go to state 59

state 134

 108) conjunction : AND _

  $default      reduce using rule 108 (conjunction)


state 135

 101) instrument_noun_phrase : instrument_preposition objects _ adverbs
 104) objects : objects _ conjunction noun

  AND           shift, and go to state 134
  AND           [reduce using rule 51 (adverbs)]
  $default      reduce using rule 51 (adverbs)

  adverbs       go to state 172
  conjunction   go to state 133

state 136

  55) word : WORD _

  $default      reduce using rule 55 (word)


state 137

  56) word : FRONT _

  $default      reduce using rule 56 (word)


state 138

  57) word : LANGUAGE _

  $default      reduce using rule 57 (word)


state 139

  58) words : word _

  $default      reduce using rule 58 (words)


state 140

  59) words : words _ word
 102) noun_phrase : opt_quantifier words _

  LANGUAGE      shift, and go to state 138
  LANGUAGE      [reduce using rule 102 (noun_phrase)]
  WORD          shift, and go to state 136
  WORD          [reduce using rule 102 (noun_phrase)]
  FRONT         shift, and go to state 137
  FRONT         [reduce using rule 102 (noun_phrase)]
  $default      reduce using rule 102 (noun_phrase)

  word          go to state 173

state 141

 107) noun : noun rel_preposition _ noun_phrase

  NUMBER        shift, and go to state 56
  A             shift, and go to state 47
  AN            shift, and go to state 48
  ANY           shift, and go to state 49
  ALL           shift, and go to state 175
  HER           shift, and go to state 51
  HIS           shift, and go to state 52
  ITS           shift, and go to state 53
  MY            shift, and go to state 50
  THE           shift, and go to state 46
  THEIR         shift, and go to state 54
  $default      reduce using rule 125 (opt_quantifier)

  opt_quantifier  go to state 42
  noun_phrase   go to state 174
  article       go to state 55
  fraction      go to state 57
  quantifier    go to state 58
  quantifiers   go to state 59

state 142

 119) quantifier : article NUMBER _

  $default      reduce using rule 119 (quantifier)


state 143

 127) fraction : NUMBER SLASH _ NUMBER

  NUMBER        shift, and go to state 176


state 144

 124) quantifiers : quantifiers OF _ quantifier

  NUMBER        shift, and go to state 56
  A             shift, and go to state 47
  AN            shift, and go to state 48
  ANY           shift, and go to state 49
  ALL           shift, and go to state 175
  HER           shift, and go to state 51
  HIS           shift, and go to state 52
  ITS           shift, and go to state 53
  MY            shift, and go to state 50
  THE           shift, and go to state 46
  THEIR         shift, and go to state 54

  article       go to state 55
  fraction      go to state 57
  quantifier    go to state 177

state 145

  17) comm_language : IN LANGUAGE adverbs _
  52) adverbs : adverbs _ opt_and ADVERB

  AND           shift, and go to state 37
  ADVERB        reduce using rule 53 (opt_and)
  $default      reduce using rule 17 (comm_language)

  opt_and       go to state 36

state 146

  22) comm : comm_verb_only comm_language comm_target _

  $default      reduce using rule 22 (comm)


state 147

  23) comm : comm_verb_only comm_target comm_language _

  $default      reduce using rule 23 (comm)


state 148

  25) comm : comm_language comm_verb_only comm_target _

  $default      reduce using rule 25 (comm)


state 149

  26) comm : comm_language comm_target comm_verb_only _

  $default      reduce using rule 26 (comm)


state 150

  28) comm : comm_target comm_verb_only comm_language _

  $default      reduce using rule 28 (comm)


state 151

  29) comm : comm_target comm_language comm_verb_only _

  $default      reduce using rule 29 (comm)


state 152

  73) rel_preposition : IN FRONT _ OF

  OF            shift, and go to state 178


state 153

  67) rel_preposition : CLOSE TO _

  $default      reduce using rule 67 (rel_preposition)


state 154

  52) adverbs : adverbs _ opt_and ADVERB
 100) indirect_noun_phrase : indirect_preposition objects adverbs _

  AND           shift, and go to state 37
  AND           [reduce using rule 100 (indirect_noun_phrase)]
  ADVERB        reduce using rule 53 (opt_and)
  ADVERB        [reduce using rule 100 (indirect_noun_phrase)]
  $default      reduce using rule 100 (indirect_noun_phrase)

  opt_and       go to state 36

state 155

   7) commands : commands and_then adverbs command _

  $default      reduce using rule 7 (commands)


state 156

  42) btv : indirect_noun_phrase _ tv
  44) btv : indirect_noun_phrase _ movement_verb_only
  50) ttv : indirect_noun_phrase _ instrument_noun_phrase tv

  VERB          shift, and go to state 31
  NUMBER        shift, and go to state 56
  MOVEMENT_VERB  shift, and go to state 33
  A             shift, and go to state 47
  AN            shift, and go to state 48
  ANY           shift, and go to state 49
  ALL           shift, and go to state 44
  HER           shift, and go to state 51
  HIS           shift, and go to state 52
  IN            shift, and go to state 95
  ITS           shift, and go to state 53
  MY            shift, and go to state 50
  THE           shift, and go to state 46
  THEIR         shift, and go to state 54
  USING         shift, and go to state 39
  WITH          shift, and go to state 38
  $default      reduce using rule 125 (opt_quantifier)

  movement_verb_only  go to state 100
  verb_only     go to state 101
  dnp           go to state 102
  tv            go to state 103
  instrument_noun_phrase  go to state 104
  objects       go to state 40
  instrument_preposition  go to state 41
  opt_quantifier  go to state 42
  noun          go to state 43
  noun_phrase   go to state 45
  article       go to state 55
  fraction      go to state 57
  quantifier    go to state 58
  quantifiers   go to state 59

state 157

   4) sentence : adverbs communication STRING adverbs _
  52) adverbs : adverbs _ opt_and ADVERB

  AND           shift, and go to state 37
  ADVERB        reduce using rule 53 (opt_and)
  $default      reduce using rule 4 (sentence)

  opt_and       go to state 36

state 158

  30) topic : topic_intro words _
  59) words : words _ word

  LANGUAGE      shift, and go to state 138
  WORD          shift, and go to state 136
  FRONT         shift, and go to state 137
  $default      reduce using rule 30 (topic)

  word          go to state 173

state 159

  48) ttv : tv instrument_noun_phrase indirect_noun_phrase _

  $default      reduce using rule 48 (ttv)


state 160

  39) btv : verb_only indirect_noun_phrase dnp _

  $default      reduce using rule 39 (btv)


state 161

  47) ttv : verb_only indirect_noun_phrase instrument_noun_phrase _ dnp

  NUMBER        shift, and go to state 56
  A             shift, and go to state 47
  AN            shift, and go to state 48
  ANY           shift, and go to state 49
  ALL           shift, and go to state 44
  HER           shift, and go to state 51
  HIS           shift, and go to state 52
  ITS           shift, and go to state 53
  MY            shift, and go to state 50
  THE           shift, and go to state 46
  THEIR         shift, and go to state 54
  $default      reduce using rule 125 (opt_quantifier)

  dnp           go to state 179
  objects       go to state 40
  opt_quantifier  go to state 42
  noun          go to state 43
  noun_phrase   go to state 45
  article       go to state 55
  fraction      go to state 57
  quantifier    go to state 58
  quantifiers   go to state 59

state 162

  50) ttv : indirect_noun_phrase instrument_noun_phrase tv _

  $default      reduce using rule 50 (ttv)


state 163

  80) motion_relation : IN TO _

  $default      reduce using rule 80 (motion_relation)


state 164

  89) motion_relation : IN FRONT _ OF

  OF            shift, and go to state 180


state 165

  81) motion_relation : ON TO _

  $default      reduce using rule 81 (motion_relation)


state 166

  83) motion_relation : CLOSE TO _

  $default      reduce using rule 83 (motion_relation)


state 167

  99) dmp : motion_relation objects _ adverbs
 104) objects : objects _ conjunction noun

  AND           shift, and go to state 134
  AND           [reduce using rule 51 (adverbs)]
  $default      reduce using rule 51 (adverbs)

  adverbs       go to state 181
  conjunction   go to state 133

state 168

  41) btv : dnp indirect_noun_phrase verb_only _

  $default      reduce using rule 41 (btv)


state 169

  49) ttv : dnp instrument_noun_phrase indirect_noun_phrase _ verb_only

  VERB          shift, and go to state 31
  MOVEMENT_VERB  shift, and go to state 33

  movement_verb_only  go to state 121
  verb_only     go to state 182

state 170

  39) btv : verb_only indirect_noun_phrase _ dnp

  NUMBER        shift, and go to state 56
  A             shift, and go to state 47
  AN            shift, and go to state 48
  ANY           shift, and go to state 49
  ALL           shift, and go to state 44
  HER           shift, and go to state 51
  HIS           shift, and go to state 52
  ITS           shift, and go to state 53
  MY            shift, and go to state 50
  THE           shift, and go to state 46
  THEIR         shift, and go to state 54
  $default      reduce using rule 125 (opt_quantifier)

  dnp           go to state 160
  objects       go to state 40
  opt_quantifier  go to state 42
  noun          go to state 43
  noun_phrase   go to state 45
  article       go to state 55
  fraction      go to state 57
  quantifier    go to state 58
  quantifiers   go to state 59

state 171

 104) objects : objects conjunction noun _
 107) noun : noun _ rel_preposition noun_phrase

  AGAINST       shift, and go to state 71
  BEHIND        shift, and go to state 76
  BEFORE        shift, and go to state 77
  BESIDE        shift, and go to state 78
  BLOCKING      shift, and go to state 83
  CLOSE         shift, and go to state 72
  CONTAINING    shift, and go to state 79
  GUARDING      shift, and go to state 82
  HOLDING       shift, and go to state 80
  IN            shift, and go to state 69
  IN            [reduce using rule 104 (objects)]
  NEAR          shift, and go to state 74
  ON            shift, and go to state 70
  OVER          shift, and go to state 75
  UNDER         shift, and go to state 73
  WITH          shift, and go to state 81
  WITH          [reduce using rule 104 (objects)]
  $default      reduce using rule 104 (objects)

  rel_preposition  go to state 141

state 172

  52) adverbs : adverbs _ opt_and ADVERB
 101) instrument_noun_phrase : instrument_preposition objects adverbs _

  AND           shift, and go to state 37
  ADVERB        reduce using rule 53 (opt_and)
  $default      reduce using rule 101 (instrument_noun_phrase)

  opt_and       go to state 36

state 173

  59) words : words word _

  $default      reduce using rule 59 (words)


state 174

 107) noun : noun rel_preposition noun_phrase _

  $default      reduce using rule 107 (noun)


state 175

 121) quantifier : ALL _

  $default      reduce using rule 121 (quantifier)


state 176

 127) fraction : NUMBER SLASH NUMBER _

  $default      reduce using rule 127 (fraction)


state 177

 124) quantifiers : quantifiers OF quantifier _

  $default      reduce using rule 124 (quantifiers)


state 178

  73) rel_preposition : IN FRONT OF _

  $default      reduce using rule 73 (rel_preposition)


state 179

  47) ttv : verb_only indirect_noun_phrase instrument_noun_phrase dnp _

  $default      reduce using rule 47 (ttv)


state 180

  89) motion_relation : IN FRONT OF _

  $default      reduce using rule 89 (motion_relation)


state 181

  52) adverbs : adverbs _ opt_and ADVERB
  99) dmp : motion_relation objects adverbs _

  AND           shift, and go to state 37
  ADVERB        reduce using rule 53 (opt_and)
  $default      reduce using rule 99 (dmp)

  opt_and       go to state 36

state 182

  49) ttv : dnp instrument_noun_phrase indirect_noun_phrase verb_only _

  $default      reduce using rule 49 (ttv)

